Mon 24-Jan-2022 11:20:44 INFO  - [           main] SpringBootTestContextBootstrapper   : Neither @ContextConfiguration nor @ContextHierarchy found for test class [com.reloadly.devops.AuthServerApplicationTests], using SpringBootContextLoader
Mon 24-Jan-2022 11:20:44 INFO  - [           main] AbstractContextLoader               : Could not detect default resource locations for test class [com.reloadly.devops.AuthServerApplicationTests]: no resource found for suffixes {-context.xml, Context.groovy}.
Mon 24-Jan-2022 11:20:44 INFO  - [           main] AnnotationConfigContextLoaderUtils  : Could not detect default configuration classes for test class [com.reloadly.devops.AuthServerApplicationTests]: AuthServerApplicationTests does not declare any static, non-private, non-final, nested classes annotated with @Configuration.
Mon 24-Jan-2022 11:20:46 INFO  - [           main] SpringBootTestContextBootstrapper   : Found @SpringBootConfiguration com.reloadly.devops.AuthServerApplication for test class com.reloadly.devops.AuthServerApplicationTests
Mon 24-Jan-2022 11:20:48 INFO  - [           main] SpringBootTestContextBootstrapper   : Loaded default TestExecutionListener class names from location [META-INF/spring.factories]: [org.springframework.boot.test.mock.mockito.MockitoTestExecutionListener, org.springframework.boot.test.mock.mockito.ResetMocksTestExecutionListener, org.springframework.boot.test.autoconfigure.restdocs.RestDocsTestExecutionListener, org.springframework.boot.test.autoconfigure.web.client.MockRestServiceServerResetTestExecutionListener, org.springframework.boot.test.autoconfigure.web.servlet.MockMvcPrintOnlyOnFailureTestExecutionListener, org.springframework.boot.test.autoconfigure.web.servlet.WebDriverTestExecutionListener, org.springframework.boot.test.autoconfigure.webservices.client.MockWebServiceServerTestExecutionListener, org.springframework.test.context.web.ServletTestExecutionListener, org.springframework.test.context.support.DirtiesContextBeforeModesTestExecutionListener, org.springframework.test.context.support.DependencyInjectionTestExecutionListener, org.springframework.test.context.support.DirtiesContextTestExecutionListener, org.springframework.test.context.transaction.TransactionalTestExecutionListener, org.springframework.test.context.jdbc.SqlScriptsTestExecutionListener, org.springframework.test.context.event.EventPublishingTestExecutionListener]
Mon 24-Jan-2022 11:20:49 INFO  - [           main] SpringBootTestContextBootstrapper   : Using TestExecutionListeners: [org.springframework.test.context.web.ServletTestExecutionListener@1cdc4c27, org.springframework.test.context.support.DirtiesContextBeforeModesTestExecutionListener@77b14724, org.springframework.boot.test.mock.mockito.MockitoTestExecutionListener@5d9b7a8a, org.springframework.boot.test.autoconfigure.SpringBootDependencyInjectionTestExecutionListener@1e8ce150, org.springframework.test.context.support.DirtiesContextTestExecutionListener@604f2bd2, org.springframework.test.context.transaction.TransactionalTestExecutionListener@1d3ac898, org.springframework.test.context.jdbc.SqlScriptsTestExecutionListener@1b73be9f, org.springframework.test.context.event.EventPublishingTestExecutionListener@628c4ac0, org.springframework.boot.test.mock.mockito.ResetMocksTestExecutionListener@7b84fcf8, org.springframework.boot.test.autoconfigure.restdocs.RestDocsTestExecutionListener@30b19518, org.springframework.boot.test.autoconfigure.web.client.MockRestServiceServerResetTestExecutionListener@363042d7, org.springframework.boot.test.autoconfigure.web.servlet.MockMvcPrintOnlyOnFailureTestExecutionListener@366ac49b, org.springframework.boot.test.autoconfigure.web.servlet.WebDriverTestExecutionListener@6ad59d92, org.springframework.boot.test.autoconfigure.webservices.client.MockWebServiceServerTestExecutionListener@56f0cc85]
Mon 24-Jan-2022 11:20:51 INFO  - [init] Version                             : HV000001: Hibernate Validator 6.1.6.Final
Mon 24-Jan-2022 11:20:51 INFO  - [           main] AuthServerApplicationTests          : Starting AuthServerApplicationTests using Java 1.8.0_221 on DESKTOP-2N2OQGT with PID 9064 (started by Uche Kamani in C:\Users\Uche Kamani\Documents\STS4Projects\auth-server)
Mon 24-Jan-2022 11:20:51 INFO  - [           main] AuthServerApplicationTests          : The following profiles are active: dev
Mon 24-Jan-2022 11:21:06 INFO  - [           main] RepositoryConfigurationDelegate     : Bootstrapping Spring Data JPA repositories in DEFAULT mode.
Mon 24-Jan-2022 11:21:06 INFO  - [           main] RepositoryConfigurationDelegate     : Finished Spring Data repository scanning in 507 ms. Found 1 JPA repository interfaces.
Mon 24-Jan-2022 11:21:15 INFO  - [           main] PostProcessorRegistrationDelegate$BeanPostProcessorChecker : Bean 'org.springframework.security.access.expression.method.DefaultMethodSecurityExpressionHandler@31973858' of type [org.springframework.security.access.expression.method.DefaultMethodSecurityExpressionHandler] is not eligible for getting processed by all BeanPostProcessors (for example: not eligible for auto-proxying)
Mon 24-Jan-2022 11:21:16 INFO  - [           main] PostProcessorRegistrationDelegate$BeanPostProcessorChecker : Bean 'methodSecurityMetadataSource' of type [org.springframework.security.access.method.DelegatingMethodSecurityMetadataSource] is not eligible for getting processed by all BeanPostProcessors (for example: not eligible for auto-proxying)
Mon 24-Jan-2022 11:21:20 INFO  - [           main] LogHelper                           : HHH000204: Processing PersistenceUnitInfo [name: default]
Mon 24-Jan-2022 11:21:20 INFO  - [           main] Version                             : HHH000412: Hibernate ORM core version 5.4.25.Final
Mon 24-Jan-2022 11:21:22 INFO  - [           main] Version                             : HCANN000001: Hibernate Commons Annotations {5.1.2.Final}
Mon 24-Jan-2022 11:21:24 INFO  - [           main] HikariDataSource                    : HikariPool-1 - Starting...
Mon 24-Jan-2022 11:21:24 WARN  - [           main] DriverDataSource                    : Registered driver with driverClassName=com.mysql.jdbc.Driver was not found, trying direct instantiation.
Mon 24-Jan-2022 11:21:31 INFO  - [           main] HikariDataSource                    : HikariPool-1 - Start completed.
Mon 24-Jan-2022 11:21:32 INFO  - [           main] Dialect                             : HHH000400: Using dialect: org.hibernate.dialect.MySQL5Dialect
Mon 24-Jan-2022 11:22:03 INFO  - [           main] JtaPlatformInitiator                : HHH000490: Using JtaPlatform implementation: [org.hibernate.engine.transaction.jta.platform.internal.NoJtaPlatform]
Mon 24-Jan-2022 11:22:03 INFO  - [           main] LocalContainerEntityManagerFactoryBean : Initialized JPA EntityManagerFactory for persistence unit 'default'
Mon 24-Jan-2022 11:22:04 WARN  - [           main] JpaBaseConfiguration$JpaWebConfiguration : spring.jpa.open-in-view is enabled by default. Therefore, database queries may be performed during view rendering. Explicitly configure spring.jpa.open-in-view to disable this warning
Mon 24-Jan-2022 11:22:14 INFO  - [           main] JwtAccessTokenConverter             : Configured with RSA signing key
Mon 24-Jan-2022 11:22:14 INFO  - [           main] JwtAccessTokenConverter             : Signing and verification RSA keys match
Mon 24-Jan-2022 11:22:18 INFO  - [           main] EndpointLinksResolver               : Exposing 2 endpoint(s) beneath base path '/actuator'
Mon 24-Jan-2022 11:22:26 INFO  - [           main] DefaultSecurityFilterChain          : Will secure Or [Ant [pattern='/oauth/token'], Ant [pattern='/oauth/token_key'], Ant [pattern='/oauth/check_token']] with [org.springframework.security.web.context.request.async.WebAsyncManagerIntegrationFilter@3c9c91e3, org.springframework.security.web.context.SecurityContextPersistenceFilter@6b3bc1f6, org.springframework.security.web.header.HeaderWriterFilter@3694461d, org.springframework.security.web.authentication.logout.LogoutFilter@3aa63b53, org.springframework.security.web.authentication.www.BasicAuthenticationFilter@3a66d97e, org.springframework.security.web.savedrequest.RequestCacheAwareFilter@3050d479, org.springframework.security.web.servletapi.SecurityContextHolderAwareRequestFilter@61d61b0e, org.springframework.security.web.authentication.AnonymousAuthenticationFilter@746da54f, org.springframework.security.web.session.SessionManagementFilter@30d5fc1b, org.springframework.security.web.access.ExceptionTranslationFilter@2e38d44e, org.springframework.security.web.access.intercept.FilterSecurityInterceptor@2d117280]
Mon 24-Jan-2022 11:22:26 INFO  - [           main] DefaultSecurityFilterChain          : Will secure any request with [org.springframework.security.web.context.request.async.WebAsyncManagerIntegrationFilter@74faf450, org.springframework.security.web.context.SecurityContextPersistenceFilter@1c06f19c, org.springframework.security.web.header.HeaderWriterFilter@46d18a33, org.springframework.security.web.csrf.CsrfFilter@244f356, org.springframework.security.web.authentication.logout.LogoutFilter@61aa6300, org.springframework.security.web.savedrequest.RequestCacheAwareFilter@3065efd0, org.springframework.security.web.servletapi.SecurityContextHolderAwareRequestFilter@7aaf6bfd, org.springframework.security.web.authentication.AnonymousAuthenticationFilter@54c37dab, org.springframework.security.web.session.SessionManagementFilter@495f3965, org.springframework.security.web.access.ExceptionTranslationFilter@75db328e, org.springframework.security.web.access.intercept.FilterSecurityInterceptor@b889cb6]
Mon 24-Jan-2022 11:22:26 INFO  - [           main] PropertySourcedRequestMappingHandlerMapping : Mapped URL path [/v2/api-docs] onto method [springfox.documentation.swagger2.web.Swagger2Controller#getDocumentation(String, HttpServletRequest)]
Mon 24-Jan-2022 11:22:32 INFO  - [           main] ThreadPoolTaskExecutor              : Initializing ExecutorService 'applicationTaskExecutor'
Mon 24-Jan-2022 11:22:35 WARN  - [           main] ThymeleafAutoConfiguration$DefaultTemplateResolverConfiguration : Cannot find template location: classpath:/templates/ (please add some templates or check your Thymeleaf configuration)
Mon 24-Jan-2022 11:22:38 INFO  - [           main] DocumentationPluginsBootstrapper    : Context refreshed
Mon 24-Jan-2022 11:22:38 INFO  - [           main] DocumentationPluginsBootstrapper    : Found 1 custom documentation plugin(s)
Mon 24-Jan-2022 11:22:38 INFO  - [           main] ApiListingReferenceScanner          : Scanning for api listing references
Mon 24-Jan-2022 11:22:39 INFO  - [           main] AuthServerApplicationTests          : Started AuthServerApplicationTests in 109.66 seconds (JVM running for 126.019)
Mon 24-Jan-2022 11:22:41 INFO  - [Hook] ThreadPoolTaskExecutor              : Shutting down ExecutorService 'applicationTaskExecutor'
Mon 24-Jan-2022 11:22:41 INFO  - [Hook] LocalContainerEntityManagerFactoryBean : Closing JPA EntityManagerFactory for persistence unit 'default'
Mon 24-Jan-2022 11:22:41 INFO  - [Hook] HikariDataSource                    : HikariPool-1 - Shutdown initiated...
Mon 24-Jan-2022 11:22:41 INFO  - [Hook] HikariDataSource                    : HikariPool-1 - Shutdown completed.
